--- Updating Unity-iPhone.xcodeproj/project.pbxproj for Tapjoy integration ---
Initializing XcodeProject...
Found UUID for the PBXNativeTarget: 1D6058960D05DD3E006BFB54
Build phases:
	{'Frameworks': '1D60588F0D05DD3D006BFB54', 'Sources': '1D60588E0D05DD3D006BFB54', 'Resources': '1D60588D0D05DD3D006BFB54', 'CopyFiles': '83D0C1FD0E6C8D7700EBCE5D'}
Adding group "Tapjoy"
group [Tapjoy] already exists. not going to create it
Enabling Obj-C exceptions
File reference already exists: CoreTelephony.framework
File reference already exists: AdSupport.framework
File reference already exists: Social.framework
File reference already exists: StoreKit.framework
File reference already exists: Twitter.framework
File reference already exists: libxml2.dylib
File reference already exists: libsqlite3.0.dylib
File reference already exists: libz.dylib
File reference already exists: MobileCoreServices.framework
File reference already exists: CFNetwork.framework
File reference already exists: EventKit.framework
File reference already exists: EventKitUI.framework
File reference already exists: CoreMotion.framework
File reference already exists: MessageUI.framework
File reference already exists: CoreLocation.framework
File reference already exists: SystemConfiguration.framework
File reference already exists: MediaPlayer.framework
File reference already exists: UIKit.framework
File reference already exists: Foundation.framework
File reference already exists: CoreGraphics.framework
File reference already exists: CoreData.framework
File reference already exists: Security.framework
File reference already exists: TapjoyResources.bundle
could not find wrapper type for file: TapjoyResources.bundle.meta
File reference already exists: TapjoyResources.bundle.meta
could not find wrapper type for file: Resources.meta
File reference already exists: Resources.meta
adding custom framework: Tapjoy.framework
File reference already exists: Tapjoy.framework
could not find wrapper type for file: Tapjoy.framework.meta
File reference already exists: Tapjoy.framework.meta
File reference already exists: TapjoyConnectPlugin.h
could not find wrapper type for file: TapjoyConnectPlugin.h.meta
File reference already exists: TapjoyConnectPlugin.h.meta
File reference already exists: TapjoyConnectPlugin.mm
could not find wrapper type for file: TapjoyConnectPlugin.mm.meta
File reference already exists: TapjoyConnectPlugin.mm.meta
File reference already exists: TapjoyEventPlugin.h
could not find wrapper type for file: TapjoyEventPlugin.h.meta
File reference already exists: TapjoyEventPlugin.h.meta
File reference already exists: TapjoyEventPlugin.mm
could not find wrapper type for file: TapjoyEventPlugin.mm.meta
File reference already exists: TapjoyEventPlugin.mm.meta
--- Finished Tapjoy integration ---
